Build started 9/14/2013 11:02:36 PM.
     1>Project "C:\Users\Tilt\Projects\Planet Forge\Cosmos\Cosmos.vcxproj" on node 2 (Build target(s)).
     1>ClCompile:
         F:\Program Files\Visual Studio\VC\bin\CL.exe /c /I./ /AI"C:\Program Files (x86)\Reference Assemblies\Microsoft\Framework\.NETFramework\v4.0" /AI"C:\Program Files (x86)\Windows Kits\8.0\References\CommonConfiguration\Neutral" /Zi /clr /nologo /W3 /WX- /Od /Oy- /D WIN32 /D _DEBUG /D _WINDOWS /D _UNICODE /D UNICODE /Gm- /EHa /MDd /GS /fp:precise /Zc:wchar_t /Zc:forScope /Fo"Debug\\" /Fd"Debug\vc110.pdb" /Gd /TP /FU"C:\Program Files (x86)\Reference Assemblies\Microsoft\Framework\.NETFramework\v4.0\mscorlib.dll" /FU"C:\Program Files (x86)\Reference Assemblies\Microsoft\Framework\.NETFramework\v4.0\System.Data.dll" /FU"C:\Program Files (x86)\Reference Assemblies\Microsoft\Framework\.NETFramework\v4.0\System.dll" /FU"C:\Program Files (x86)\Reference Assemblies\Microsoft\Framework\.NETFramework\v4.0\System.Drawing.dll" /FU"C:\Program Files (x86)\Reference Assemblies\Microsoft\Framework\.NETFramework\v4.0\System.Windows.Forms.dll" /FU"C:\Program Files (x86)\Reference Assemblies\Microsoft\Framework\.NETFramework\v4.0\System.Xml.dll" /analyze- /errorReport:prompt /clr:nostdlib Planet.cpp
         Planet.cpp
     1>Planet.cpp(10): warning C4244: '=' : conversion from 'time_t' to 'int', possible loss of data
     1>Planet.cpp(15): warning C4244: '=' : conversion from 'double' to 'float', possible loss of data
     1>Planet.cpp(20): warning C4244: 'initializing' : conversion from 'double' to 'float', possible loss of data
     1>Planet.cpp(32): warning C4244: 'initializing' : conversion from 'double' to 'float', possible loss of data
     1>Planet.cpp(44): warning C4244: 'argument' : conversion from 'float' to 'unsigned int', possible loss of data
     1>Planet.cpp(53): warning C4244: 'argument' : conversion from 'float' to 'int', possible loss of data
     1>Planet.cpp(54): warning C4244: 'argument' : conversion from 'float' to 'unsigned int', possible loss of data
     1>Planet.cpp(111): warning C4244: '=' : conversion from 'time_t' to 'int', possible loss of data
     1>Planet.cpp(132): warning C4244: 'argument' : conversion from 'float' to 'unsigned int', possible loss of data
     1>Planet.cpp(139): warning C4244: 'argument' : conversion from 'float' to 'int', possible loss of data
     1>Planet.cpp(183): warning C4244: '=' : conversion from 'double' to 'float', possible loss of data
     1>Planet.cpp(228): warning C4244: 'initializing' : conversion from 'float' to 'int', possible loss of data
     1>Planet.cpp(229): warning C4244: 'initializing' : conversion from 'float' to 'int', possible loss of data
     1>Planet.cpp(232): warning C4244: 'argument' : conversion from 'int' to 'float', possible loss of data
     1>Planet.cpp(233): warning C4244: 'initializing' : conversion from 'float' to 'int', possible loss of data
       Link:
         F:\Program Files\Visual Studio\VC\bin\link.exe /ERRORREPORT:PROMPT /OUT:"C:\Users\Tilt\Projects\Planet Forge\Debug\Planet Forge.exe" /INCREMENTAL /NOLOGO /LIBPATH:./lib "sfml-graphics-d.lib" "sfml-audio-d.lib" "sfml-system-d.lib" "sfml-window-d.lib" "sfml-network-d.lib" Box2D.lib libnoise.lib opengl32.lib kernel32.lib user32.lib gdi32.lib winspool.lib comdlg32.lib advapi32.lib shell32.lib ole32.lib oleaut32.lib uuid.lib odbc32.lib odbccp32.lib /MANIFEST /MANIFESTUAC:"level='asInvoker' uiAccess='false'" /manifest:embed /DEBUG /PDB:"C:\Users\Tilt\Projects\Planet Forge\Debug\Planet Forge.pdb" /TLBID:1 /DYNAMICBASE /NXCOMPAT /IMPLIB:"C:\Users\Tilt\Projects\Planet Forge\Debug\Planet Forge.lib" /MACHINE:X86 Debug\Activity.obj
         Debug\AnimatedSprite.obj
         Debug\Animation.obj
         Debug\DebugLayer.obj
         Debug\Entity.obj
         Debug\GameLayer.obj
         Debug\Layer.obj
         Debug\main.obj
         Debug\noiseutils.obj
         Debug\Planet.obj
         Debug\SpriteAnimation.obj
         Debug\Utility.obj
         Cosmos.vcxproj -> C:\Users\Tilt\Projects\Planet Forge\Debug\Planet Forge.exe
     1>Done Building Project "C:\Users\Tilt\Projects\Planet Forge\Cosmos\Cosmos.vcxproj" (Build target(s)).

Build succeeded.

Time Elapsed 00:00:01.69
