C:\USERS\OWNER\DOCUMENTS\GITHUB\COSMOS\COSMOS\DEBUG\AABB.OBJ
C:\USERS\OWNER\DOCUMENTS\GITHUB\COSMOS\COSMOS\DEBUG\ACTIVITY.OBJ
C:\USERS\OWNER\DOCUMENTS\GITHUB\COSMOS\COSMOS\DEBUG\ANIMATEDSPRITE.OBJ
C:\USERS\OWNER\DOCUMENTS\GITHUB\COSMOS\COSMOS\DEBUG\ANIMATION.OBJ
C:\Users\Owner\Documents\GitHub\Cosmos\Cosmos\Debug\cl.command.1.tlog
C:\Users\Owner\Documents\GitHub\Cosmos\Cosmos\Debug\CL.read.1.tlog
C:\Users\Owner\Documents\GitHub\Cosmos\Cosmos\Debug\CL.write.1.tlog
C:\USERS\OWNER\DOCUMENTS\GITHUB\COSMOS\COSMOS\DEBUG\CLOUD.OBJ
C:\USERS\OWNER\DOCUMENTS\GITHUB\COSMOS\COSMOS\DEBUG\COLOR3F.OBJ
C:\USERS\OWNER\DOCUMENTS\GITHUB\COSMOS\COSMOS\DEBUG\CONTACTLISTENER.OBJ
C:\USERS\OWNER\DOCUMENTS\GITHUB\COSMOS\COSMOS\DEBUG\CONVEXHULL.OBJ
C:\USERS\OWNER\DOCUMENTS\GITHUB\COSMOS\COSMOS\DEBUG\COSMOS.EXE.EMBED.MANIFEST
C:\USERS\OWNER\DOCUMENTS\GITHUB\COSMOS\COSMOS\DEBUG\COSMOS.EXE.EMBED.MANIFEST.RES
C:\USERS\OWNER\DOCUMENTS\GITHUB\COSMOS\COSMOS\DEBUG\COSMOS.EXE.INTERMEDIATE.MANIFEST
C:\Users\Owner\Documents\GitHub\Cosmos\Cosmos\Debug\Cosmos.write.1.tlog
C:\Users\Owner\Documents\GitHub\Cosmos\Cosmos\Debug\Cosmos_manifest.rc
C:\USERS\OWNER\DOCUMENTS\GITHUB\COSMOS\COSMOS\DEBUG\DEBUGLAYER.OBJ
C:\USERS\OWNER\DOCUMENTS\GITHUB\COSMOS\COSMOS\DEBUG\EMISSIVELIGHT.OBJ
C:\USERS\OWNER\DOCUMENTS\GITHUB\COSMOS\COSMOS\DEBUG\ENTITY.OBJ
C:\USERS\OWNER\DOCUMENTS\GITHUB\COSMOS\COSMOS\DEBUG\GAMELAYER.OBJ
C:\USERS\OWNER\DOCUMENTS\GITHUB\COSMOS\COSMOS\DEBUG\LAYER.OBJ
C:\USERS\OWNER\DOCUMENTS\GITHUB\COSMOS\COSMOS\DEBUG\LIGHT.OBJ
C:\USERS\OWNER\DOCUMENTS\GITHUB\COSMOS\COSMOS\DEBUG\LIGHT_POINT.OBJ
C:\USERS\OWNER\DOCUMENTS\GITHUB\COSMOS\COSMOS\DEBUG\LIGHTSYSTEM.OBJ
C:\Users\Owner\Documents\GitHub\Cosmos\Cosmos\Debug\link.10060.read.1.tlog
C:\Users\Owner\Documents\GitHub\Cosmos\Cosmos\Debug\link.10060.write.1.tlog
C:\Users\Owner\Documents\GitHub\Cosmos\Cosmos\Debug\link.10060-cvtres.read.1.tlog
C:\Users\Owner\Documents\GitHub\Cosmos\Cosmos\Debug\link.10060-cvtres.write.1.tlog
C:\Users\Owner\Documents\GitHub\Cosmos\Cosmos\Debug\link.10244.read.1.tlog
C:\Users\Owner\Documents\GitHub\Cosmos\Cosmos\Debug\link.10244.write.1.tlog
C:\Users\Owner\Documents\GitHub\Cosmos\Cosmos\Debug\link.10244-cvtres.read.1.tlog
C:\Users\Owner\Documents\GitHub\Cosmos\Cosmos\Debug\link.10244-cvtres.write.1.tlog
C:\Users\Owner\Documents\GitHub\Cosmos\Cosmos\Debug\link.10284.read.1.tlog
C:\Users\Owner\Documents\GitHub\Cosmos\Cosmos\Debug\link.10284.write.1.tlog
C:\Users\Owner\Documents\GitHub\Cosmos\Cosmos\Debug\link.10284-cvtres.read.1.tlog
C:\Users\Owner\Documents\GitHub\Cosmos\Cosmos\Debug\link.10284-cvtres.write.1.tlog
C:\Users\Owner\Documents\GitHub\Cosmos\Cosmos\Debug\link.1072.read.1.tlog
C:\Users\Owner\Documents\GitHub\Cosmos\Cosmos\Debug\link.1072.write.1.tlog
C:\Users\Owner\Documents\GitHub\Cosmos\Cosmos\Debug\link.1072-cvtres.read.1.tlog
C:\Users\Owner\Documents\GitHub\Cosmos\Cosmos\Debug\link.1072-cvtres.write.1.tlog
C:\Users\Owner\Documents\GitHub\Cosmos\Cosmos\Debug\link.10732.read.1.tlog
C:\Users\Owner\Documents\GitHub\Cosmos\Cosmos\Debug\link.10732.write.1.tlog
C:\Users\Owner\Documents\GitHub\Cosmos\Cosmos\Debug\link.10732-cvtres.read.1.tlog
C:\Users\Owner\Documents\GitHub\Cosmos\Cosmos\Debug\link.10732-cvtres.write.1.tlog
C:\Users\Owner\Documents\GitHub\Cosmos\Cosmos\Debug\link.10824.read.1.tlog
C:\Users\Owner\Documents\GitHub\Cosmos\Cosmos\Debug\link.10824.write.1.tlog
C:\Users\Owner\Documents\GitHub\Cosmos\Cosmos\Debug\link.10824-cvtres.read.1.tlog
C:\Users\Owner\Documents\GitHub\Cosmos\Cosmos\Debug\link.10824-cvtres.write.1.tlog
C:\Users\Owner\Documents\GitHub\Cosmos\Cosmos\Debug\link.10916.read.1.tlog
C:\Users\Owner\Documents\GitHub\Cosmos\Cosmos\Debug\link.10916.write.1.tlog
C:\Users\Owner\Documents\GitHub\Cosmos\Cosmos\Debug\link.10916-cvtres.read.1.tlog
C:\Users\Owner\Documents\GitHub\Cosmos\Cosmos\Debug\link.10916-cvtres.write.1.tlog
C:\Users\Owner\Documents\GitHub\Cosmos\Cosmos\Debug\link.11108.read.1.tlog
C:\Users\Owner\Documents\GitHub\Cosmos\Cosmos\Debug\link.11108.write.1.tlog
C:\Users\Owner\Documents\GitHub\Cosmos\Cosmos\Debug\link.11108-cvtres.read.1.tlog
C:\Users\Owner\Documents\GitHub\Cosmos\Cosmos\Debug\link.11108-cvtres.write.1.tlog
C:\Users\Owner\Documents\GitHub\Cosmos\Cosmos\Debug\link.11148.read.1.tlog
C:\Users\Owner\Documents\GitHub\Cosmos\Cosmos\Debug\link.11148.write.1.tlog
C:\Users\Owner\Documents\GitHub\Cosmos\Cosmos\Debug\link.11148-cvtres.read.1.tlog
C:\Users\Owner\Documents\GitHub\Cosmos\Cosmos\Debug\link.11148-cvtres.write.1.tlog
C:\Users\Owner\Documents\GitHub\Cosmos\Cosmos\Debug\link.11160.read.1.tlog
C:\Users\Owner\Documents\GitHub\Cosmos\Cosmos\Debug\link.11160.write.1.tlog
C:\Users\Owner\Documents\GitHub\Cosmos\Cosmos\Debug\link.11160-cvtres.read.1.tlog
C:\Users\Owner\Documents\GitHub\Cosmos\Cosmos\Debug\link.11160-cvtres.write.1.tlog
C:\Users\Owner\Documents\GitHub\Cosmos\Cosmos\Debug\link.11236.read.1.tlog
C:\Users\Owner\Documents\GitHub\Cosmos\Cosmos\Debug\link.11236.write.1.tlog
C:\Users\Owner\Documents\GitHub\Cosmos\Cosmos\Debug\link.11236-cvtres.read.1.tlog
C:\Users\Owner\Documents\GitHub\Cosmos\Cosmos\Debug\link.11236-cvtres.write.1.tlog
C:\Users\Owner\Documents\GitHub\Cosmos\Cosmos\Debug\link.11596.read.1.tlog
C:\Users\Owner\Documents\GitHub\Cosmos\Cosmos\Debug\link.11596.write.1.tlog
C:\Users\Owner\Documents\GitHub\Cosmos\Cosmos\Debug\link.11596-cvtres.read.1.tlog
C:\Users\Owner\Documents\GitHub\Cosmos\Cosmos\Debug\link.11596-cvtres.write.1.tlog
C:\Users\Owner\Documents\GitHub\Cosmos\Cosmos\Debug\link.11648.read.1.tlog
C:\Users\Owner\Documents\GitHub\Cosmos\Cosmos\Debug\link.11648.write.1.tlog
C:\Users\Owner\Documents\GitHub\Cosmos\Cosmos\Debug\link.11648-cvtres.read.1.tlog
C:\Users\Owner\Documents\GitHub\Cosmos\Cosmos\Debug\link.11648-cvtres.write.1.tlog
C:\Users\Owner\Documents\GitHub\Cosmos\Cosmos\Debug\link.11848.read.1.tlog
C:\Users\Owner\Documents\GitHub\Cosmos\Cosmos\Debug\link.11848.write.1.tlog
C:\Users\Owner\Documents\GitHub\Cosmos\Cosmos\Debug\link.11848-cvtres.read.1.tlog
C:\Users\Owner\Documents\GitHub\Cosmos\Cosmos\Debug\link.11848-cvtres.write.1.tlog
C:\Users\Owner\Documents\GitHub\Cosmos\Cosmos\Debug\link.12096.read.1.tlog
C:\Users\Owner\Documents\GitHub\Cosmos\Cosmos\Debug\link.12096.write.1.tlog
C:\Users\Owner\Documents\GitHub\Cosmos\Cosmos\Debug\link.12096-cvtres.read.1.tlog
C:\Users\Owner\Documents\GitHub\Cosmos\Cosmos\Debug\link.12096-cvtres.write.1.tlog
C:\Users\Owner\Documents\GitHub\Cosmos\Cosmos\Debug\link.12176.read.1.tlog
C:\Users\Owner\Documents\GitHub\Cosmos\Cosmos\Debug\link.12176.write.1.tlog
C:\Users\Owner\Documents\GitHub\Cosmos\Cosmos\Debug\link.12176-cvtres.read.1.tlog
C:\Users\Owner\Documents\GitHub\Cosmos\Cosmos\Debug\link.12176-cvtres.write.1.tlog
C:\Users\Owner\Documents\GitHub\Cosmos\Cosmos\Debug\link.12348.read.1.tlog
C:\Users\Owner\Documents\GitHub\Cosmos\Cosmos\Debug\link.12348.write.1.tlog
C:\Users\Owner\Documents\GitHub\Cosmos\Cosmos\Debug\link.12348-cvtres.read.1.tlog
C:\Users\Owner\Documents\GitHub\Cosmos\Cosmos\Debug\link.12348-cvtres.write.1.tlog
C:\Users\Owner\Documents\GitHub\Cosmos\Cosmos\Debug\link.12464.read.1.tlog
C:\Users\Owner\Documents\GitHub\Cosmos\Cosmos\Debug\link.12464.write.1.tlog
C:\Users\Owner\Documents\GitHub\Cosmos\Cosmos\Debug\link.12464-cvtres.read.1.tlog
C:\Users\Owner\Documents\GitHub\Cosmos\Cosmos\Debug\link.12464-cvtres.write.1.tlog
C:\Users\Owner\Documents\GitHub\Cosmos\Cosmos\Debug\link.12484.read.1.tlog
C:\Users\Owner\Documents\GitHub\Cosmos\Cosmos\Debug\link.12484.write.1.tlog
C:\Users\Owner\Documents\GitHub\Cosmos\Cosmos\Debug\link.12484-cvtres.read.1.tlog
C:\Users\Owner\Documents\GitHub\Cosmos\Cosmos\Debug\link.12484-cvtres.write.1.tlog
C:\Users\Owner\Documents\GitHub\Cosmos\Cosmos\Debug\link.12532.read.1.tlog
C:\Users\Owner\Documents\GitHub\Cosmos\Cosmos\Debug\link.12532.write.1.tlog
C:\Users\Owner\Documents\GitHub\Cosmos\Cosmos\Debug\link.12532-cvtres.read.1.tlog
C:\Users\Owner\Documents\GitHub\Cosmos\Cosmos\Debug\link.12532-cvtres.write.1.tlog
C:\Users\Owner\Documents\GitHub\Cosmos\Cosmos\Debug\link.12616.read.1.tlog
C:\Users\Owner\Documents\GitHub\Cosmos\Cosmos\Debug\link.12616.write.1.tlog
C:\Users\Owner\Documents\GitHub\Cosmos\Cosmos\Debug\link.12616-cvtres.read.1.tlog
C:\Users\Owner\Documents\GitHub\Cosmos\Cosmos\Debug\link.12616-cvtres.write.1.tlog
C:\Users\Owner\Documents\GitHub\Cosmos\Cosmos\Debug\link.12728.read.1.tlog
C:\Users\Owner\Documents\GitHub\Cosmos\Cosmos\Debug\link.12728.write.1.tlog
C:\Users\Owner\Documents\GitHub\Cosmos\Cosmos\Debug\link.12728-cvtres.read.1.tlog
C:\Users\Owner\Documents\GitHub\Cosmos\Cosmos\Debug\link.12728-cvtres.write.1.tlog
C:\Users\Owner\Documents\GitHub\Cosmos\Cosmos\Debug\link.13076.read.1.tlog
C:\Users\Owner\Documents\GitHub\Cosmos\Cosmos\Debug\link.13076.write.1.tlog
C:\Users\Owner\Documents\GitHub\Cosmos\Cosmos\Debug\link.13076-cvtres.read.1.tlog
C:\Users\Owner\Documents\GitHub\Cosmos\Cosmos\Debug\link.13076-cvtres.write.1.tlog
C:\Users\Owner\Documents\GitHub\Cosmos\Cosmos\Debug\link.13088.read.1.tlog
C:\Users\Owner\Documents\GitHub\Cosmos\Cosmos\Debug\link.13088.write.1.tlog
C:\Users\Owner\Documents\GitHub\Cosmos\Cosmos\Debug\link.13088-cvtres.read.1.tlog
C:\Users\Owner\Documents\GitHub\Cosmos\Cosmos\Debug\link.13088-cvtres.write.1.tlog
C:\Users\Owner\Documents\GitHub\Cosmos\Cosmos\Debug\link.13152.read.1.tlog
C:\Users\Owner\Documents\GitHub\Cosmos\Cosmos\Debug\link.13152.write.1.tlog
C:\Users\Owner\Documents\GitHub\Cosmos\Cosmos\Debug\link.13152-cvtres.read.1.tlog
C:\Users\Owner\Documents\GitHub\Cosmos\Cosmos\Debug\link.13152-cvtres.write.1.tlog
C:\Users\Owner\Documents\GitHub\Cosmos\Cosmos\Debug\link.13344.read.1.tlog
C:\Users\Owner\Documents\GitHub\Cosmos\Cosmos\Debug\link.13344.write.1.tlog
C:\Users\Owner\Documents\GitHub\Cosmos\Cosmos\Debug\link.13344-cvtres.read.1.tlog
C:\Users\Owner\Documents\GitHub\Cosmos\Cosmos\Debug\link.13344-cvtres.write.1.tlog
C:\Users\Owner\Documents\GitHub\Cosmos\Cosmos\Debug\link.13356.read.1.tlog
C:\Users\Owner\Documents\GitHub\Cosmos\Cosmos\Debug\link.13356.write.1.tlog
C:\Users\Owner\Documents\GitHub\Cosmos\Cosmos\Debug\link.13356-cvtres.read.1.tlog
C:\Users\Owner\Documents\GitHub\Cosmos\Cosmos\Debug\link.13356-cvtres.write.1.tlog
C:\Users\Owner\Documents\GitHub\Cosmos\Cosmos\Debug\link.13400.read.1.tlog
C:\Users\Owner\Documents\GitHub\Cosmos\Cosmos\Debug\link.13400.write.1.tlog
C:\Users\Owner\Documents\GitHub\Cosmos\Cosmos\Debug\link.13400-cvtres.read.1.tlog
C:\Users\Owner\Documents\GitHub\Cosmos\Cosmos\Debug\link.13400-cvtres.write.1.tlog
C:\Users\Owner\Documents\GitHub\Cosmos\Cosmos\Debug\link.13432.read.1.tlog
C:\Users\Owner\Documents\GitHub\Cosmos\Cosmos\Debug\link.13432.write.1.tlog
C:\Users\Owner\Documents\GitHub\Cosmos\Cosmos\Debug\link.13432-cvtres.read.1.tlog
C:\Users\Owner\Documents\GitHub\Cosmos\Cosmos\Debug\link.13432-cvtres.write.1.tlog
C:\Users\Owner\Documents\GitHub\Cosmos\Cosmos\Debug\link.13532.read.1.tlog
C:\Users\Owner\Documents\GitHub\Cosmos\Cosmos\Debug\link.13532.write.1.tlog
C:\Users\Owner\Documents\GitHub\Cosmos\Cosmos\Debug\link.13532-cvtres.read.1.tlog
C:\Users\Owner\Documents\GitHub\Cosmos\Cosmos\Debug\link.13532-cvtres.write.1.tlog
C:\Users\Owner\Documents\GitHub\Cosmos\Cosmos\Debug\link.13568.read.1.tlog
C:\Users\Owner\Documents\GitHub\Cosmos\Cosmos\Debug\link.13568.write.1.tlog
C:\Users\Owner\Documents\GitHub\Cosmos\Cosmos\Debug\link.13568-cvtres.read.1.tlog
C:\Users\Owner\Documents\GitHub\Cosmos\Cosmos\Debug\link.13568-cvtres.write.1.tlog
C:\Users\Owner\Documents\GitHub\Cosmos\Cosmos\Debug\link.13620.read.1.tlog
C:\Users\Owner\Documents\GitHub\Cosmos\Cosmos\Debug\link.13620.write.1.tlog
C:\Users\Owner\Documents\GitHub\Cosmos\Cosmos\Debug\link.13620-cvtres.read.1.tlog
C:\Users\Owner\Documents\GitHub\Cosmos\Cosmos\Debug\link.13620-cvtres.write.1.tlog
C:\Users\Owner\Documents\GitHub\Cosmos\Cosmos\Debug\link.13848.read.1.tlog
C:\Users\Owner\Documents\GitHub\Cosmos\Cosmos\Debug\link.13848.write.1.tlog
C:\Users\Owner\Documents\GitHub\Cosmos\Cosmos\Debug\link.13848-cvtres.read.1.tlog
C:\Users\Owner\Documents\GitHub\Cosmos\Cosmos\Debug\link.13848-cvtres.write.1.tlog
C:\Users\Owner\Documents\GitHub\Cosmos\Cosmos\Debug\link.13860.read.1.tlog
C:\Users\Owner\Documents\GitHub\Cosmos\Cosmos\Debug\link.13860.write.1.tlog
C:\Users\Owner\Documents\GitHub\Cosmos\Cosmos\Debug\link.13860-cvtres.read.1.tlog
C:\Users\Owner\Documents\GitHub\Cosmos\Cosmos\Debug\link.13860-cvtres.write.1.tlog
C:\Users\Owner\Documents\GitHub\Cosmos\Cosmos\Debug\link.13868.read.1.tlog
C:\Users\Owner\Documents\GitHub\Cosmos\Cosmos\Debug\link.13868.write.1.tlog
C:\Users\Owner\Documents\GitHub\Cosmos\Cosmos\Debug\link.13868-cvtres.read.1.tlog
C:\Users\Owner\Documents\GitHub\Cosmos\Cosmos\Debug\link.13868-cvtres.write.1.tlog
C:\Users\Owner\Documents\GitHub\Cosmos\Cosmos\Debug\link.13960.read.1.tlog
C:\Users\Owner\Documents\GitHub\Cosmos\Cosmos\Debug\link.13960.write.1.tlog
C:\Users\Owner\Documents\GitHub\Cosmos\Cosmos\Debug\link.13960-cvtres.read.1.tlog
C:\Users\Owner\Documents\GitHub\Cosmos\Cosmos\Debug\link.13960-cvtres.write.1.tlog
C:\Users\Owner\Documents\GitHub\Cosmos\Cosmos\Debug\link.14068.read.1.tlog
C:\Users\Owner\Documents\GitHub\Cosmos\Cosmos\Debug\link.14068.write.1.tlog
C:\Users\Owner\Documents\GitHub\Cosmos\Cosmos\Debug\link.14068-cvtres.read.1.tlog
C:\Users\Owner\Documents\GitHub\Cosmos\Cosmos\Debug\link.14068-cvtres.write.1.tlog
C:\Users\Owner\Documents\GitHub\Cosmos\Cosmos\Debug\link.14304.read.1.tlog
C:\Users\Owner\Documents\GitHub\Cosmos\Cosmos\Debug\link.14304.write.1.tlog
C:\Users\Owner\Documents\GitHub\Cosmos\Cosmos\Debug\link.14304-cvtres.read.1.tlog
C:\Users\Owner\Documents\GitHub\Cosmos\Cosmos\Debug\link.14304-cvtres.write.1.tlog
C:\Users\Owner\Documents\GitHub\Cosmos\Cosmos\Debug\link.14676.read.1.tlog
C:\Users\Owner\Documents\GitHub\Cosmos\Cosmos\Debug\link.14676.write.1.tlog
C:\Users\Owner\Documents\GitHub\Cosmos\Cosmos\Debug\link.14676-cvtres.read.1.tlog
C:\Users\Owner\Documents\GitHub\Cosmos\Cosmos\Debug\link.14676-cvtres.write.1.tlog
C:\Users\Owner\Documents\GitHub\Cosmos\Cosmos\Debug\link.15392.read.1.tlog
C:\Users\Owner\Documents\GitHub\Cosmos\Cosmos\Debug\link.15392.write.1.tlog
C:\Users\Owner\Documents\GitHub\Cosmos\Cosmos\Debug\link.15392-cvtres.read.1.tlog
C:\Users\Owner\Documents\GitHub\Cosmos\Cosmos\Debug\link.15392-cvtres.write.1.tlog
C:\Users\Owner\Documents\GitHub\Cosmos\Cosmos\Debug\link.15448.read.1.tlog
C:\Users\Owner\Documents\GitHub\Cosmos\Cosmos\Debug\link.15448.write.1.tlog
C:\Users\Owner\Documents\GitHub\Cosmos\Cosmos\Debug\link.15448-cvtres.read.1.tlog
C:\Users\Owner\Documents\GitHub\Cosmos\Cosmos\Debug\link.15448-cvtres.write.1.tlog
C:\Users\Owner\Documents\GitHub\Cosmos\Cosmos\Debug\link.2060.read.1.tlog
C:\Users\Owner\Documents\GitHub\Cosmos\Cosmos\Debug\link.2060.write.1.tlog
C:\Users\Owner\Documents\GitHub\Cosmos\Cosmos\Debug\link.2060-cvtres.read.1.tlog
C:\Users\Owner\Documents\GitHub\Cosmos\Cosmos\Debug\link.2060-cvtres.write.1.tlog
C:\Users\Owner\Documents\GitHub\Cosmos\Cosmos\Debug\link.2476.read.1.tlog
C:\Users\Owner\Documents\GitHub\Cosmos\Cosmos\Debug\link.2476.write.1.tlog
C:\Users\Owner\Documents\GitHub\Cosmos\Cosmos\Debug\link.2476-cvtres.read.1.tlog
C:\Users\Owner\Documents\GitHub\Cosmos\Cosmos\Debug\link.2476-cvtres.write.1.tlog
C:\Users\Owner\Documents\GitHub\Cosmos\Cosmos\Debug\link.3008.read.1.tlog
C:\Users\Owner\Documents\GitHub\Cosmos\Cosmos\Debug\link.3008.write.1.tlog
C:\Users\Owner\Documents\GitHub\Cosmos\Cosmos\Debug\link.3008-cvtres.read.1.tlog
C:\Users\Owner\Documents\GitHub\Cosmos\Cosmos\Debug\link.3008-cvtres.write.1.tlog
C:\Users\Owner\Documents\GitHub\Cosmos\Cosmos\Debug\link.4856.read.1.tlog
C:\Users\Owner\Documents\GitHub\Cosmos\Cosmos\Debug\link.4856.write.1.tlog
C:\Users\Owner\Documents\GitHub\Cosmos\Cosmos\Debug\link.4856-cvtres.read.1.tlog
C:\Users\Owner\Documents\GitHub\Cosmos\Cosmos\Debug\link.4856-cvtres.write.1.tlog
C:\Users\Owner\Documents\GitHub\Cosmos\Cosmos\Debug\link.6160.read.1.tlog
C:\Users\Owner\Documents\GitHub\Cosmos\Cosmos\Debug\link.6160.write.1.tlog
C:\Users\Owner\Documents\GitHub\Cosmos\Cosmos\Debug\link.6160-cvtres.read.1.tlog
C:\Users\Owner\Documents\GitHub\Cosmos\Cosmos\Debug\link.6160-cvtres.write.1.tlog
C:\Users\Owner\Documents\GitHub\Cosmos\Cosmos\Debug\link.6544.read.1.tlog
C:\Users\Owner\Documents\GitHub\Cosmos\Cosmos\Debug\link.6544.write.1.tlog
C:\Users\Owner\Documents\GitHub\Cosmos\Cosmos\Debug\link.6544-cvtres.read.1.tlog
C:\Users\Owner\Documents\GitHub\Cosmos\Cosmos\Debug\link.6544-cvtres.write.1.tlog
C:\Users\Owner\Documents\GitHub\Cosmos\Cosmos\Debug\link.6660.read.1.tlog
C:\Users\Owner\Documents\GitHub\Cosmos\Cosmos\Debug\link.6660.write.1.tlog
C:\Users\Owner\Documents\GitHub\Cosmos\Cosmos\Debug\link.6660-cvtres.read.1.tlog
C:\Users\Owner\Documents\GitHub\Cosmos\Cosmos\Debug\link.6660-cvtres.write.1.tlog
C:\Users\Owner\Documents\GitHub\Cosmos\Cosmos\Debug\link.6784.read.1.tlog
C:\Users\Owner\Documents\GitHub\Cosmos\Cosmos\Debug\link.6784.write.1.tlog
C:\Users\Owner\Documents\GitHub\Cosmos\Cosmos\Debug\link.6784-cvtres.read.1.tlog
C:\Users\Owner\Documents\GitHub\Cosmos\Cosmos\Debug\link.6784-cvtres.write.1.tlog
C:\Users\Owner\Documents\GitHub\Cosmos\Cosmos\Debug\link.7336.read.1.tlog
C:\Users\Owner\Documents\GitHub\Cosmos\Cosmos\Debug\link.7336.write.1.tlog
C:\Users\Owner\Documents\GitHub\Cosmos\Cosmos\Debug\link.7336-cvtres.read.1.tlog
C:\Users\Owner\Documents\GitHub\Cosmos\Cosmos\Debug\link.7336-cvtres.write.1.tlog
C:\Users\Owner\Documents\GitHub\Cosmos\Cosmos\Debug\link.7896.read.1.tlog
C:\Users\Owner\Documents\GitHub\Cosmos\Cosmos\Debug\link.7896.write.1.tlog
C:\Users\Owner\Documents\GitHub\Cosmos\Cosmos\Debug\link.7896-cvtres.read.1.tlog
C:\Users\Owner\Documents\GitHub\Cosmos\Cosmos\Debug\link.7896-cvtres.write.1.tlog
C:\Users\Owner\Documents\GitHub\Cosmos\Cosmos\Debug\link.8328.read.1.tlog
C:\Users\Owner\Documents\GitHub\Cosmos\Cosmos\Debug\link.8328.write.1.tlog
C:\Users\Owner\Documents\GitHub\Cosmos\Cosmos\Debug\link.8328-cvtres.read.1.tlog
C:\Users\Owner\Documents\GitHub\Cosmos\Cosmos\Debug\link.8328-cvtres.write.1.tlog
C:\Users\Owner\Documents\GitHub\Cosmos\Cosmos\Debug\link.8944.read.1.tlog
C:\Users\Owner\Documents\GitHub\Cosmos\Cosmos\Debug\link.8944.write.1.tlog
C:\Users\Owner\Documents\GitHub\Cosmos\Cosmos\Debug\link.8944-cvtres.read.1.tlog
C:\Users\Owner\Documents\GitHub\Cosmos\Cosmos\Debug\link.8944-cvtres.write.1.tlog
C:\Users\Owner\Documents\GitHub\Cosmos\Cosmos\Debug\link.9080.read.1.tlog
C:\Users\Owner\Documents\GitHub\Cosmos\Cosmos\Debug\link.9080.write.1.tlog
C:\Users\Owner\Documents\GitHub\Cosmos\Cosmos\Debug\link.9080-cvtres.read.1.tlog
C:\Users\Owner\Documents\GitHub\Cosmos\Cosmos\Debug\link.9080-cvtres.write.1.tlog
C:\Users\Owner\Documents\GitHub\Cosmos\Cosmos\Debug\link.9224.read.1.tlog
C:\Users\Owner\Documents\GitHub\Cosmos\Cosmos\Debug\link.9224.write.1.tlog
C:\Users\Owner\Documents\GitHub\Cosmos\Cosmos\Debug\link.9224-cvtres.read.1.tlog
C:\Users\Owner\Documents\GitHub\Cosmos\Cosmos\Debug\link.9224-cvtres.write.1.tlog
C:\Users\Owner\Documents\GitHub\Cosmos\Cosmos\Debug\link.9272.read.1.tlog
C:\Users\Owner\Documents\GitHub\Cosmos\Cosmos\Debug\link.9272.write.1.tlog
C:\Users\Owner\Documents\GitHub\Cosmos\Cosmos\Debug\link.9272-cvtres.read.1.tlog
C:\Users\Owner\Documents\GitHub\Cosmos\Cosmos\Debug\link.9272-cvtres.write.1.tlog
C:\Users\Owner\Documents\GitHub\Cosmos\Cosmos\Debug\link.9448.read.1.tlog
C:\Users\Owner\Documents\GitHub\Cosmos\Cosmos\Debug\link.9448.write.1.tlog
C:\Users\Owner\Documents\GitHub\Cosmos\Cosmos\Debug\link.9448-cvtres.read.1.tlog
C:\Users\Owner\Documents\GitHub\Cosmos\Cosmos\Debug\link.9448-cvtres.write.1.tlog
C:\Users\Owner\Documents\GitHub\Cosmos\Cosmos\Debug\link.9452.read.1.tlog
C:\Users\Owner\Documents\GitHub\Cosmos\Cosmos\Debug\link.9452.write.1.tlog
C:\Users\Owner\Documents\GitHub\Cosmos\Cosmos\Debug\link.9452-cvtres.read.1.tlog
C:\Users\Owner\Documents\GitHub\Cosmos\Cosmos\Debug\link.9452-cvtres.write.1.tlog
C:\Users\Owner\Documents\GitHub\Cosmos\Cosmos\Debug\link.9584.read.1.tlog
C:\Users\Owner\Documents\GitHub\Cosmos\Cosmos\Debug\link.9584.write.1.tlog
C:\Users\Owner\Documents\GitHub\Cosmos\Cosmos\Debug\link.9584-cvtres.read.1.tlog
C:\Users\Owner\Documents\GitHub\Cosmos\Cosmos\Debug\link.9584-cvtres.write.1.tlog
C:\Users\Owner\Documents\GitHub\Cosmos\Cosmos\Debug\link.9676.read.1.tlog
C:\Users\Owner\Documents\GitHub\Cosmos\Cosmos\Debug\link.9676.write.1.tlog
C:\Users\Owner\Documents\GitHub\Cosmos\Cosmos\Debug\link.9676-cvtres.read.1.tlog
C:\Users\Owner\Documents\GitHub\Cosmos\Cosmos\Debug\link.9676-cvtres.write.1.tlog
C:\Users\Owner\Documents\GitHub\Cosmos\Cosmos\Debug\link.9744.read.1.tlog
C:\Users\Owner\Documents\GitHub\Cosmos\Cosmos\Debug\link.9744.write.1.tlog
C:\Users\Owner\Documents\GitHub\Cosmos\Cosmos\Debug\link.9744-cvtres.read.1.tlog
C:\Users\Owner\Documents\GitHub\Cosmos\Cosmos\Debug\link.9744-cvtres.write.1.tlog
C:\Users\Owner\Documents\GitHub\Cosmos\Cosmos\Debug\link.9816.read.1.tlog
C:\Users\Owner\Documents\GitHub\Cosmos\Cosmos\Debug\link.9816.write.1.tlog
C:\Users\Owner\Documents\GitHub\Cosmos\Cosmos\Debug\link.9816-cvtres.read.1.tlog
C:\Users\Owner\Documents\GitHub\Cosmos\Cosmos\Debug\link.9816-cvtres.write.1.tlog
C:\Users\Owner\Documents\GitHub\Cosmos\Cosmos\Debug\link.9852.read.1.tlog
C:\Users\Owner\Documents\GitHub\Cosmos\Cosmos\Debug\link.9852.write.1.tlog
C:\Users\Owner\Documents\GitHub\Cosmos\Cosmos\Debug\link.9852-cvtres.read.1.tlog
C:\Users\Owner\Documents\GitHub\Cosmos\Cosmos\Debug\link.9852-cvtres.write.1.tlog
C:\Users\Owner\Documents\GitHub\Cosmos\Cosmos\Debug\link.9900.read.1.tlog
C:\Users\Owner\Documents\GitHub\Cosmos\Cosmos\Debug\link.9900.write.1.tlog
C:\Users\Owner\Documents\GitHub\Cosmos\Cosmos\Debug\link.9900-cvtres.read.1.tlog
C:\Users\Owner\Documents\GitHub\Cosmos\Cosmos\Debug\link.9900-cvtres.write.1.tlog
C:\Users\Owner\Documents\GitHub\Cosmos\Cosmos\Debug\link.9944.read.1.tlog
C:\Users\Owner\Documents\GitHub\Cosmos\Cosmos\Debug\link.9944.write.1.tlog
C:\Users\Owner\Documents\GitHub\Cosmos\Cosmos\Debug\link.9944-cvtres.read.1.tlog
C:\Users\Owner\Documents\GitHub\Cosmos\Cosmos\Debug\link.9944-cvtres.write.1.tlog
C:\Users\Owner\Documents\GitHub\Cosmos\Cosmos\Debug\link.command.1.tlog
C:\Users\Owner\Documents\GitHub\Cosmos\Cosmos\Debug\link.read.1.tlog
C:\Users\Owner\Documents\GitHub\Cosmos\Cosmos\Debug\link.write.1.tlog
C:\USERS\OWNER\DOCUMENTS\GITHUB\COSMOS\COSMOS\DEBUG\MAIN.OBJ
C:\USERS\OWNER\DOCUMENTS\GITHUB\COSMOS\COSMOS\DEBUG\MAINCOPY.OBJ
C:\Users\Owner\Documents\GitHub\Cosmos\Cosmos\Debug\mt.command.1.tlog
C:\Users\Owner\Documents\GitHub\Cosmos\Cosmos\Debug\mt.read.1.tlog
C:\Users\Owner\Documents\GitHub\Cosmos\Cosmos\Debug\mt.write.1.tlog
C:\USERS\OWNER\DOCUMENTS\GITHUB\COSMOS\COSMOS\DEBUG\NOISEUTILS.OBJ
C:\USERS\OWNER\DOCUMENTS\GITHUB\COSMOS\COSMOS\DEBUG\PLANET.OBJ
C:\USERS\OWNER\DOCUMENTS\GITHUB\COSMOS\COSMOS\DEBUG\PLAYER.OBJ
C:\USERS\OWNER\DOCUMENTS\GITHUB\COSMOS\COSMOS\DEBUG\POINT2I.OBJ
C:\USERS\OWNER\DOCUMENTS\GITHUB\COSMOS\COSMOS\DEBUG\QUADTREE.OBJ
C:\USERS\OWNER\DOCUMENTS\GITHUB\COSMOS\COSMOS\DEBUG\QUADTREENODE.OBJ
C:\USERS\OWNER\DOCUMENTS\GITHUB\COSMOS\COSMOS\DEBUG\QUADTREEOCCUPANT.OBJ
C:\Users\Owner\Documents\GitHub\Cosmos\Cosmos\Debug\rc.command.1.tlog
C:\Users\Owner\Documents\GitHub\Cosmos\Cosmos\Debug\rc.read.1.tlog
C:\Users\Owner\Documents\GitHub\Cosmos\Cosmos\Debug\rc.write.1.tlog
C:\USERS\OWNER\DOCUMENTS\GITHUB\COSMOS\COSMOS\DEBUG\SHADOWFIN.OBJ
C:\USERS\OWNER\DOCUMENTS\GITHUB\COSMOS\COSMOS\DEBUG\SHIP.OBJ
C:\USERS\OWNER\DOCUMENTS\GITHUB\COSMOS\COSMOS\DEBUG\SPRITEANIMATION.OBJ
C:\USERS\OWNER\DOCUMENTS\GITHUB\COSMOS\COSMOS\DEBUG\STATICQUADTREE.OBJ
C:\USERS\OWNER\DOCUMENTS\GITHUB\COSMOS\COSMOS\DEBUG\STRUCTURE.OBJ
C:\USERS\OWNER\DOCUMENTS\GITHUB\COSMOS\COSMOS\DEBUG\UTILITY.OBJ
C:\USERS\OWNER\DOCUMENTS\GITHUB\COSMOS\COSMOS\DEBUG\UTILS.OBJ
C:\Users\Owner\Documents\GitHub\Cosmos\Cosmos\Debug\vc100.idb
C:\USERS\OWNER\DOCUMENTS\GITHUB\COSMOS\COSMOS\DEBUG\VC100.PDB
C:\USERS\OWNER\DOCUMENTS\GITHUB\COSMOS\COSMOS\DEBUG\VEC2F.OBJ
C:\USERS\OWNER\DOCUMENTS\GITHUB\COSMOS\COSMOS\DEBUG\WORLDCONTACTLISTENER.OBJ
C:\USERS\OWNER\DOCUMENTS\GITHUB\COSMOS\DEBUG\COSMOS.EXE
C:\USERS\OWNER\DOCUMENTS\GITHUB\COSMOS\DEBUG\COSMOS.ILK
C:\USERS\OWNER\DOCUMENTS\GITHUB\COSMOS\DEBUG\COSMOS.PDB
