C:\USERS\TILT\PROJECTS\PLANET FORGE\COSMOS\DEBUG\ACTIVITY.OBJ
C:\USERS\TILT\PROJECTS\PLANET FORGE\COSMOS\DEBUG\ANIMATEDSPRITE.OBJ
C:\USERS\TILT\PROJECTS\PLANET FORGE\COSMOS\DEBUG\ANIMATION.OBJ
C:\USERS\TILT\PROJECTS\PLANET FORGE\COSMOS\DEBUG\DEBUGLAYER.OBJ
C:\USERS\TILT\PROJECTS\PLANET FORGE\COSMOS\DEBUG\ENTITY.OBJ
C:\USERS\TILT\PROJECTS\PLANET FORGE\COSMOS\DEBUG\GAMELAYER.OBJ
C:\USERS\TILT\PROJECTS\PLANET FORGE\COSMOS\DEBUG\LAYER.OBJ
C:\USERS\TILT\PROJECTS\PLANET FORGE\COSMOS\DEBUG\MAIN.OBJ
C:\USERS\TILT\PROJECTS\PLANET FORGE\COSMOS\DEBUG\NOISEUTILS.OBJ
C:\USERS\TILT\PROJECTS\PLANET FORGE\COSMOS\DEBUG\SPRITEANIMATION.OBJ
C:\USERS\TILT\PROJECTS\PLANET FORGE\COSMOS\DEBUG\UTILITY.OBJ
C:\USERS\TILT\PROJECTS\PLANET FORGE\COSMOS\DEBUG\VC110.PDB
C:\USERS\TILT\PROJECTS\PLANET FORGE\COSMOS\DEBUG\PLANET.OBJ
C:\USERS\TILT\PROJECTS\PLANET FORGE\DEBUG\PLANET FORGE.ILK
C:\USERS\TILT\PROJECTS\PLANET FORGE\DEBUG\PLANET FORGE.EXE
C:\USERS\TILT\PROJECTS\PLANET FORGE\DEBUG\PLANET FORGE.PDB
C:\Users\Tilt\Projects\Planet Forge\Cosmos\Debug\Activity.obj
C:\Users\Tilt\Projects\Planet Forge\Cosmos\Debug\AnimatedSprite.obj
C:\Users\Tilt\Projects\Planet Forge\Cosmos\Debug\Animation.obj
C:\Users\Tilt\Projects\Planet Forge\Cosmos\Debug\DebugLayer.obj
C:\Users\Tilt\Projects\Planet Forge\Cosmos\Debug\Entity.obj
C:\Users\Tilt\Projects\Planet Forge\Cosmos\Debug\GameLayer.obj
C:\Users\Tilt\Projects\Planet Forge\Cosmos\Debug\Layer.obj
C:\Users\Tilt\Projects\Planet Forge\Cosmos\Debug\main.obj
C:\Users\Tilt\Projects\Planet Forge\Cosmos\Debug\noiseutils.obj
C:\Users\Tilt\Projects\Planet Forge\Cosmos\Debug\Planet.obj
C:\Users\Tilt\Projects\Planet Forge\Cosmos\Debug\SpriteAnimation.obj
C:\Users\Tilt\Projects\Planet Forge\Cosmos\Debug\Utility.obj
C:\Users\Tilt\Projects\Planet Forge\Cosmos\Debug\cl.command.1.tlog
C:\Users\Tilt\Projects\Planet Forge\Cosmos\Debug\CL.read.1.tlog
C:\Users\Tilt\Projects\Planet Forge\Cosmos\Debug\CL.write.1.tlog
C:\Users\Tilt\Projects\Planet Forge\Cosmos\Debug\link.3284-cvtres.read.1.tlog
C:\Users\Tilt\Projects\Planet Forge\Cosmos\Debug\link.3284-cvtres.write.1.tlog
C:\Users\Tilt\Projects\Planet Forge\Cosmos\Debug\link.3284-rc.read.1.tlog
C:\Users\Tilt\Projects\Planet Forge\Cosmos\Debug\link.3284-rc.write.1.tlog
C:\Users\Tilt\Projects\Planet Forge\Cosmos\Debug\link.3284.read.1.tlog
C:\Users\Tilt\Projects\Planet Forge\Cosmos\Debug\link.3284.write.1.tlog
C:\Users\Tilt\Projects\Planet Forge\Cosmos\Debug\link.6932-cvtres.read.1.tlog
C:\Users\Tilt\Projects\Planet Forge\Cosmos\Debug\link.6932-cvtres.write.1.tlog
C:\Users\Tilt\Projects\Planet Forge\Cosmos\Debug\link.6932-rc.read.1.tlog
C:\Users\Tilt\Projects\Planet Forge\Cosmos\Debug\link.6932-rc.write.1.tlog
C:\Users\Tilt\Projects\Planet Forge\Cosmos\Debug\link.6932.read.1.tlog
C:\Users\Tilt\Projects\Planet Forge\Cosmos\Debug\link.6932.write.1.tlog
C:\Users\Tilt\Projects\Planet Forge\Cosmos\Debug\link.7336-cvtres.read.1.tlog
C:\Users\Tilt\Projects\Planet Forge\Cosmos\Debug\link.7336-cvtres.write.1.tlog
C:\Users\Tilt\Projects\Planet Forge\Cosmos\Debug\link.7336-rc.read.1.tlog
C:\Users\Tilt\Projects\Planet Forge\Cosmos\Debug\link.7336-rc.write.1.tlog
C:\Users\Tilt\Projects\Planet Forge\Cosmos\Debug\link.7336.read.1.tlog
C:\Users\Tilt\Projects\Planet Forge\Cosmos\Debug\link.7336.write.1.tlog
C:\Users\Tilt\Projects\Planet Forge\Cosmos\Debug\link.command.1.tlog
C:\Users\Tilt\Projects\Planet Forge\Cosmos\Debug\link.read.1.tlog
C:\Users\Tilt\Projects\Planet Forge\Cosmos\Debug\link.write.1.tlog
C:\Users\Tilt\Projects\Planet Forge\Cosmos\Debug\vc110.idb
C:\Users\Tilt\Projects\Planet Forge\Cosmos\Debug\vc110.pdb
C:\Users\Tilt\Projects\Planet Forge\Debug\Planet Forge.pdb
C:\Users\Tilt\Projects\Planet Forge\Debug\Planet Forge.exe
C:\Users\Tilt\Projects\Planet Forge\Debug\Planet Forge.ilk
